<?xml version="1.0" encoding="UTF-8"?>
<!-- Generated by org.testng.reporters.JUnitXMLReporter -->
<testsuite ignored="0" hostname="LAPTOP-C2662250" failures="17" tests="34" name=" Employee API Tests" time="47.172" errors="0" timestamp="2022-02-28T13:31:51 PST">
  <testcase classname="com.employeeapi.testCases.TC001_Get_All_Employees" name="checkContentLength" time="0.01"/>
  <testcase classname="com.employeeapi.testCases.TC001_Get_All_Employees" name="checkContentType" time="0.002">
    <failure type="java.lang.AssertionError" message="expected [application/json] but found [text/html; charset=iso-8859-1]">
      <![CDATA[java.lang.AssertionError: expected [application/json] but found [text/html; charset=iso-8859-1]
at com.employeeapi.testCases.TC001_Get_All_Employees.checkContentType(TC001_Get_All_Employees.java:90)
at java.base/java.util.ArrayList.forEach(ArrayList.java:1511)
... Removed 37 stack frames]]>
    </failure>
  </testcase> <!-- checkContentType -->
  <testcase classname="com.employeeapi.testCases.TC001_Get_All_Employees" name="checkCookies" time="0.001"/>
  <testcase classname="com.employeeapi.testCases.TC001_Get_All_Employees" name="checkResponseTime" time="0.001"/>
  <testcase classname="com.employeeapi.testCases.TC001_Get_All_Employees" name="checkResposeBody" time="0.017"/>
  <testcase classname="com.employeeapi.testCases.TC001_Get_All_Employees" name="checkStatusCode" time="0.001">
    <failure type="java.lang.AssertionError" message="expected [200] but found [500]">
      <![CDATA[java.lang.AssertionError: expected [200] but found [500]
at com.employeeapi.testCases.TC001_Get_All_Employees.checkStatusCode(TC001_Get_All_Employees.java:56)
at java.base/java.util.ArrayList.forEach(ArrayList.java:1511)
... Removed 37 stack frames]]>
    </failure>
  </testcase> <!-- checkStatusCode -->
  <testcase classname="com.employeeapi.testCases.TC001_Get_All_Employees" name="checkcontentEncoding" time="0.003">
    <failure type="java.lang.AssertionError" message="expected [gzip] but found [null]">
      <![CDATA[java.lang.AssertionError: expected [gzip] but found [null]
at com.employeeapi.testCases.TC001_Get_All_Employees.checkcontentEncoding(TC001_Get_All_Employees.java:109)
at java.base/java.util.ArrayList.forEach(ArrayList.java:1511)
... Removed 37 stack frames]]>
    </failure>
  </testcase> <!-- checkcontentEncoding -->
  <testcase classname="com.employeeapi.testCases.TC001_Get_All_Employees" name="checkserverType" time="0.0"/>
  <testcase classname="com.employeeapi.testCases.TC001_Get_All_Employees" name="checkstatusLine" time="0.001">
    <failure type="java.lang.AssertionError" message="expected [HTTP/1.1 200 OK] but found [HTTP/1.1 500 Internal Server Error]">
      <![CDATA[java.lang.AssertionError: expected [HTTP/1.1 200 OK] but found [HTTP/1.1 500 Internal Server Error]
at com.employeeapi.testCases.TC001_Get_All_Employees.checkstatusLine(TC001_Get_All_Employees.java:80)
at java.base/java.util.ArrayList.forEach(ArrayList.java:1511)
... Removed 37 stack frames]]>
    </failure>
  </testcase> <!-- checkstatusLine -->
  <testcase classname="com.employeeapi.testCases.TC002_Get_Single_Employee_Record" name="checkContentLenght" time="0.0"/>
  <testcase classname="com.employeeapi.testCases.TC002_Get_Single_Employee_Record" name="checkContentType" time="0.007"/>
  <testcase classname="com.employeeapi.testCases.TC002_Get_Single_Employee_Record" name="checkResponseTime" time="0.0">
    <failure type="java.lang.AssertionError" message="expected [true] but found [false]">
      <![CDATA[java.lang.AssertionError: expected [true] but found [false]
at com.employeeapi.testCases.TC002_Get_Single_Employee_Record.checkResponseTime(TC002_Get_Single_Employee_Record.java:58)
at java.base/java.util.ArrayList.forEach(ArrayList.java:1511)
... Removed 35 stack frames]]>
    </failure>
  </testcase> <!-- checkResponseTime -->
  <testcase classname="com.employeeapi.testCases.TC002_Get_Single_Employee_Record" name="checkResposeBody" time="0.001"/>
  <testcase classname="com.employeeapi.testCases.TC002_Get_Single_Employee_Record" name="checkStatusCode" time="0.001"/>
  <testcase classname="com.employeeapi.testCases.TC002_Get_Single_Employee_Record" name="checkserverType" time="0.002"/>
  <testcase classname="com.employeeapi.testCases.TC002_Get_Single_Employee_Record" name="checkstatusLine" time="0.0"/>
  <testcase classname="com.employeeapi.testCases.TC003_Post_Employee_Record" name="checkContentType" time="0.001">
    <failure type="java.lang.AssertionError" message="expected [application/json] but found [text/html; charset=iso-8859-1]">
      <![CDATA[java.lang.AssertionError: expected [application/json] but found [text/html; charset=iso-8859-1]
at com.employeeapi.testCases.TC003_Post_Employee_Record.checkContentType(TC003_Post_Employee_Record.java:85)
at java.base/java.util.ArrayList.forEach(ArrayList.java:1511)
... Removed 37 stack frames]]>
    </failure>
  </testcase> <!-- checkContentType -->
  <testcase classname="com.employeeapi.testCases.TC003_Post_Employee_Record" name="checkResposeBody" time="0.001">
    <failure type="java.lang.AssertionError" message="expected [true] but found [false]">
      <![CDATA[java.lang.AssertionError: expected [true] but found [false]
at com.employeeapi.testCases.TC003_Post_Employee_Record.checkResposeBody(TC003_Post_Employee_Record.java:64)
at java.base/java.util.ArrayList.forEach(ArrayList.java:1511)
... Removed 37 stack frames]]>
    </failure>
  </testcase> <!-- checkResposeBody -->
  <testcase classname="com.employeeapi.testCases.TC003_Post_Employee_Record" name="checkStatusCode" time="0.0">
    <failure type="java.lang.AssertionError" message="expected [200] but found [404]">
      <![CDATA[java.lang.AssertionError: expected [200] but found [404]
at com.employeeapi.testCases.TC003_Post_Employee_Record.checkStatusCode(TC003_Post_Employee_Record.java:72)
at java.base/java.util.ArrayList.forEach(ArrayList.java:1511)
... Removed 37 stack frames]]>
    </failure>
  </testcase> <!-- checkStatusCode -->
  <testcase classname="com.employeeapi.testCases.TC003_Post_Employee_Record" name="checkcontentEncoding" time="0.0"/>
  <testcase classname="com.employeeapi.testCases.TC003_Post_Employee_Record" name="checkserverType" time="0.0"/>
  <testcase classname="com.employeeapi.testCases.TC003_Post_Employee_Record" name="checkstatusLine" time="0.0">
    <failure type="java.lang.AssertionError" message="expected [HTTP/1.1 200 OK] but found [HTTP/1.1 404 Not Found]">
      <![CDATA[java.lang.AssertionError: expected [HTTP/1.1 200 OK] but found [HTTP/1.1 404 Not Found]
at com.employeeapi.testCases.TC003_Post_Employee_Record.checkstatusLine(TC003_Post_Employee_Record.java:78)
at java.base/java.util.ArrayList.forEach(ArrayList.java:1511)
... Removed 37 stack frames]]>
    </failure>
  </testcase> <!-- checkstatusLine -->
  <testcase classname="com.employeeapi.testCases.TC004_Put_Employee_Record" name="checkContentType" time="0.001">
    <failure type="java.lang.AssertionError" message="expected [application/json] but found [text/html; charset=iso-8859-1]">
      <![CDATA[java.lang.AssertionError: expected [application/json] but found [text/html; charset=iso-8859-1]
at com.employeeapi.testCases.TC004_Put_Employee_Record.checkContentType(TC004_Put_Employee_Record.java:85)
at java.base/java.util.ArrayList.forEach(ArrayList.java:1511)
... Removed 37 stack frames]]>
    </failure>
  </testcase> <!-- checkContentType -->
  <testcase classname="com.employeeapi.testCases.TC004_Put_Employee_Record" name="checkResposeBody" time="0.005">
    <failure type="java.lang.AssertionError" message="expected [true] but found [false]">
      <![CDATA[java.lang.AssertionError: expected [true] but found [false]
at com.employeeapi.testCases.TC004_Put_Employee_Record.checkResposeBody(TC004_Put_Employee_Record.java:64)
at java.base/java.util.ArrayList.forEach(ArrayList.java:1511)
... Removed 37 stack frames]]>
    </failure>
  </testcase> <!-- checkResposeBody -->
  <testcase classname="com.employeeapi.testCases.TC004_Put_Employee_Record" name="checkStatusCode" time="0.003">
    <failure type="java.lang.AssertionError" message="expected [200] but found [404]">
      <![CDATA[java.lang.AssertionError: expected [200] but found [404]
at com.employeeapi.testCases.TC004_Put_Employee_Record.checkStatusCode(TC004_Put_Employee_Record.java:72)
at java.base/java.util.ArrayList.forEach(ArrayList.java:1511)
... Removed 37 stack frames]]>
    </failure>
  </testcase> <!-- checkStatusCode -->
  <testcase classname="com.employeeapi.testCases.TC004_Put_Employee_Record" name="checkcontentEncoding" time="0.003"/>
  <testcase classname="com.employeeapi.testCases.TC004_Put_Employee_Record" name="checkserverType" time="0.002"/>
  <testcase classname="com.employeeapi.testCases.TC004_Put_Employee_Record" name="checkstatusLine" time="0.001">
    <failure type="java.lang.AssertionError" message="expected [HTTP/1.1 200 OK] but found [HTTP/1.1 404 Not Found]">
      <![CDATA[java.lang.AssertionError: expected [HTTP/1.1 200 OK] but found [HTTP/1.1 404 Not Found]
at com.employeeapi.testCases.TC004_Put_Employee_Record.checkstatusLine(TC004_Put_Employee_Record.java:78)
at java.base/java.util.ArrayList.forEach(ArrayList.java:1511)
... Removed 37 stack frames]]>
    </failure>
  </testcase> <!-- checkstatusLine -->
  <testcase classname="com.employeeapi.testCases.TC005_Delete_Employee_Record" name="checkResponseBody" time="0.002">
    <failure type="java.lang.AssertionError" message="expected [true] but found [false]">
      <![CDATA[java.lang.AssertionError: expected [true] but found [false]
at com.employeeapi.testCases.TC005_Delete_Employee_Record.checkResponseBody(TC005_Delete_Employee_Record.java:62)
at java.base/java.util.ArrayList.forEach(ArrayList.java:1511)
... Removed 37 stack frames]]>
    </failure>
  </testcase> <!-- checkResponseBody -->
  <testcase classname="com.employeeapi.testCases.TC005_Delete_Employee_Record" name="checkStatusCode" time="0.0">
    <failure type="java.lang.AssertionError" message="expected [200] but found [404]">
      <![CDATA[java.lang.AssertionError: expected [200] but found [404]
at com.employeeapi.testCases.TC005_Delete_Employee_Record.checkStatusCode(TC005_Delete_Employee_Record.java:69)
at java.base/java.util.ArrayList.forEach(ArrayList.java:1511)
... Removed 37 stack frames]]>
    </failure>
  </testcase> <!-- checkStatusCode -->
  <testcase classname="com.employeeapi.testCases.TC005_Delete_Employee_Record" name="checkStatusLine" time="0.002">
    <failure type="java.lang.AssertionError" message="expected [HTTP/1.1 200 OK] but found [HTTP/1.1 404 Not Found]">
      <![CDATA[java.lang.AssertionError: expected [HTTP/1.1 200 OK] but found [HTTP/1.1 404 Not Found]
at com.employeeapi.testCases.TC005_Delete_Employee_Record.checkStatusLine(TC005_Delete_Employee_Record.java:75)
at java.base/java.util.ArrayList.forEach(ArrayList.java:1511)
... Removed 37 stack frames]]>
    </failure>
  </testcase> <!-- checkStatusLine -->
  <testcase classname="com.employeeapi.testCases.TC005_Delete_Employee_Record" name="checkcontentEncoding" time="0.0"/>
  <testcase classname="com.employeeapi.testCases.TC005_Delete_Employee_Record" name="checkcontentType" time="0.0">
    <failure type="java.lang.AssertionError" message="expected [application/json] but found [text/html; charset=iso-8859-1]">
      <![CDATA[java.lang.AssertionError: expected [application/json] but found [text/html; charset=iso-8859-1]
at com.employeeapi.testCases.TC005_Delete_Employee_Record.checkcontentType(TC005_Delete_Employee_Record.java:81)
at java.base/java.util.ArrayList.forEach(ArrayList.java:1511)
... Removed 37 stack frames]]>
    </failure>
  </testcase> <!-- checkcontentType -->
  <testcase classname="com.employeeapi.testCases.TC005_Delete_Employee_Record" name="checkserverType" time="0.0"/>
</testsuite> <!--  Employee API Tests -->
